2016-08-24 15:43:18: Disable Copy original filesystem names option. 231's sides do not support it
2016-08-24 15:43:18: -- Analysis Started by User
2016-08-24 15:43:18: L: State file does not exist: sftp://access.cs.clemson.edu/home/ahunte3/231/_gsdata_/_file_state_v4._gs
2016-08-24 15:43:18: R: State file does not exist: /Users/andrewmarionhunter/Google Drive/School/CPSC 2310/_gsdata_/_file_state_v4._gs
2016-08-24 15:43:18: Changes: 21, Conflicts: 0, CopyTime: 0, CopyState: 0/0, Errors: 0, All: 22
2016-08-24 15:43:18: Left to Right: Copy File: 21 
2016-08-24 15:43:18: -- Analysis Complete. Time 00:00:01, Speed: 22 files/s
2016-08-24 15:43:18: 
2016-08-24 15:43:25: New _gsdata_ folder(s) created, so rescan all job folders for their ghosts
2016-08-24 15:43:25: == Sync Started by User
2016-08-24 15:43:26: Create Folder '/Users/andrewmarionhunter/Google Drive/School/CPSC 2310/lab01'
2016-08-24 15:43:26: Copy New 'sftp://access.cs.clemson.edu/home/ahunte3/231/lab01/acc' -> '/Users/andrewmarionhunter/Google Drive/School/CPSC 2310/lab01/acc'
2016-08-24 15:43:26: Copy New 'sftp://access.cs.clemson.edu/home/ahunte3/231/lab01/acc_x86' -> '/Users/andrewmarionhunter/Google Drive/School/CPSC 2310/lab01/acc_x86'
2016-08-24 15:43:26: Copy New 'sftp://access.cs.clemson.edu/home/ahunte3/231/lab01/assemble.sh' -> '/Users/andrewmarionhunter/Google Drive/School/CPSC 2310/lab01/assemble.sh'
2016-08-24 15:43:26: Copy New 'sftp://access.cs.clemson.edu/home/ahunte3/231/lab01/executable' -> '/Users/andrewmarionhunter/Google Drive/School/CPSC 2310/lab01/executable'
2016-08-24 15:43:26: Copy New 'sftp://access.cs.clemson.edu/home/ahunte3/231/lab01/firstprogram' -> '/Users/andrewmarionhunter/Google Drive/School/CPSC 2310/lab01/firstprogram'
2016-08-24 15:43:26: Copy New 'sftp://access.cs.clemson.edu/home/ahunte3/231/lab01/firstprogram.m' -> '/Users/andrewmarionhunter/Google Drive/School/CPSC 2310/lab01/firstprogram.m'
2016-08-24 15:43:26: Copy New 'sftp://access.cs.clemson.edu/home/ahunte3/231/lab01/firstprogram.m~' -> '/Users/andrewmarionhunter/Google Drive/School/CPSC 2310/lab01/firstprogram.m~'
2016-08-24 15:43:26: Copy New 'sftp://access.cs.clemson.edu/home/ahunte3/231/lab01/firstprogram~' -> '/Users/andrewmarionhunter/Google Drive/School/CPSC 2310/lab01/firstprogram~'
2016-08-24 15:43:26: Copy New 'sftp://access.cs.clemson.edu/home/ahunte3/231/lab01/index.html' -> '/Users/andrewmarionhunter/Google Drive/School/CPSC 2310/lab01/index.html'
2016-08-24 15:43:26: Copy New 'sftp://access.cs.clemson.edu/home/ahunte3/231/lab01/my_loop.m' -> '/Users/andrewmarionhunter/Google Drive/School/CPSC 2310/lab01/my_loop.m'
2016-08-24 15:43:26: Copy New 'sftp://access.cs.clemson.edu/home/ahunte3/231/lab01/my_loop.m~' -> '/Users/andrewmarionhunter/Google Drive/School/CPSC 2310/lab01/my_loop.m~'
2016-08-24 15:43:26: Copy New 'sftp://access.cs.clemson.edu/home/ahunte3/231/lab01/pass1.m' -> '/Users/andrewmarionhunter/Google Drive/School/CPSC 2310/lab01/pass1.m'
2016-08-24 15:43:26: Copy New 'sftp://access.cs.clemson.edu/home/ahunte3/231/lab01/pass2.m' -> '/Users/andrewmarionhunter/Google Drive/School/CPSC 2310/lab01/pass2.m'
2016-08-24 15:43:26: Copy New 'sftp://access.cs.clemson.edu/home/ahunte3/231/lab01/source1.m' -> '/Users/andrewmarionhunter/Google Drive/School/CPSC 2310/lab01/source1.m'
2016-08-24 15:43:26: Copy New 'sftp://access.cs.clemson.edu/home/ahunte3/231/lab01/source2.m' -> '/Users/andrewmarionhunter/Google Drive/School/CPSC 2310/lab01/source2.m'
2016-08-24 15:43:26: Copy New 'sftp://access.cs.clemson.edu/home/ahunte3/231/lab01/symbols.m' -> '/Users/andrewmarionhunter/Google Drive/School/CPSC 2310/lab01/symbols.m'
2016-08-24 15:43:26: Copy New 'sftp://access.cs.clemson.edu/home/ahunte3/231/lab01/worksheet_a.txt' -> '/Users/andrewmarionhunter/Google Drive/School/CPSC 2310/lab01/worksheet_a.txt'
2016-08-24 15:43:27: Copy New 'sftp://access.cs.clemson.edu/home/ahunte3/231/lab01/worksheet_a.txt~' -> '/Users/andrewmarionhunter/Google Drive/School/CPSC 2310/lab01/worksheet_a.txt~'
2016-08-24 15:43:27: Copy New 'sftp://access.cs.clemson.edu/home/ahunte3/231/lab01/worksheet_b.txt' -> '/Users/andrewmarionhunter/Google Drive/School/CPSC 2310/lab01/worksheet_b.txt'
2016-08-24 15:43:27: Copy New 'sftp://access.cs.clemson.edu/home/ahunte3/231/lab01/worksheet_b.txt~' -> '/Users/andrewmarionhunter/Google Drive/School/CPSC 2310/lab01/worksheet_b.txt~'
2016-08-24 15:43:27: == Sync Complete. Time: 00:00:02, Speed: 53.3 KB/s, OK: 21, Errors: 0
2016-08-24 15:43:27: 
